<?xml version="1.0" encoding="UTF-8"?>
<!-- Generated by org.testng.reporters.JUnitXMLReporter -->
<testsuite ignored="0" hostname="ITL2VDNH72" failures="0" tests="1" name="Command line test" time="0.089" errors="0" timestamp="2022-08-13T07:55:39 SAST">
  <testcase classname="com.AssessmentILAB.webTests.iLABTest" name="@BeforeTest init" time="-1.660370139062E9">
    <failure type="org.testng.TestNGException" message="
Parameter &amp;apos;ILABURL&amp;apos; is required by BeforeTest on method init but has not been marked @Optional or defined
">
      <![CDATA[org.testng.TestNGException: 
Parameter 'ILABURL' is required by BeforeTest on method init but has not been marked @Optional or defined

... Removed 30 stack frames]]>
    </failure>
  </testcase> <!-- @BeforeTest init -->
  <testcase classname="com.AssessmentILAB.webTests.iLABTest" name="@AfterTest tearDown" time="-1.660370139144E9">
    <skipped/>
  </testcase> <!-- @AfterTest tearDown -->
  <testcase classname="com.AssessmentILAB.webTests.iLABTest" name="Apply" time="0.0">
    <skipped/>
  </testcase> <!-- Apply -->
</testsuite> <!-- Command line test -->
